{"/home/ubuntu/workspace/models/index.js":{"path":"/home/ubuntu/workspace/models/index.js","s":{"1":1,"2":1,"3":1,"4":1,"5":1,"6":1,"7":1,"8":1,"9":1,"10":1,"11":1,"12":1,"13":1},"b":{"1":[1,0],"2":[1,1],"3":[1,1],"4":[1,0]},"f":{},"fnMap":{},"statementMap":{"1":{"start":{"line":1,"column":0},"end":{"line":1,"column":37}},"2":{"start":{"line":2,"column":0},"end":{"line":2,"column":73}},"3":{"start":{"line":3,"column":0},"end":{"line":3,"column":52}},"4":{"start":{"line":4,"column":0},"end":{"line":4,"column":63}},"5":{"start":{"line":5,"column":0},"end":{"line":8,"column":2}},"6":{"start":{"line":10,"column":0},"end":{"line":10,"column":55}},"7":{"start":{"line":11,"column":0},"end":{"line":16,"column":2}},"8":{"start":{"line":18,"column":0},"end":{"line":18,"column":84}},"9":{"start":{"line":19,"column":0},"end":{"line":19,"column":87}},"10":{"start":{"line":20,"column":0},"end":{"line":20,"column":45}},"11":{"start":{"line":21,"column":0},"end":{"line":21,"column":49}},"12":{"start":{"line":23,"column":0},"end":{"line":23,"column":27}},"13":{"start":{"line":24,"column":0},"end":{"line":24,"column":42}}},"branchMap":{"1":{"line":2,"type":"binary-expr","locations":[{"start":{"line":2,"column":11},"end":{"line":2,"column":29}},{"start":{"line":2,"column":33},"end":{"line":2,"column":72}}]},"2":{"line":3,"type":"binary-expr","locations":[{"start":{"line":3,"column":13},"end":{"line":3,"column":43}},{"start":{"line":3,"column":47},"end":{"line":3,"column":51}}]},"3":{"line":4,"type":"binary-expr","locations":[{"start":{"line":4,"column":15},"end":{"line":4,"column":54}},{"start":{"line":4,"column":58},"end":{"line":4,"column":62}}]},"4":{"line":7,"type":"binary-expr","locations":[{"start":{"line":7,"column":10},"end":{"line":7,"column":24}},{"start":{"line":7,"column":28},"end":{"line":7,"column":63}}]}}},"/home/ubuntu/workspace/models/user.js":{"path":"/home/ubuntu/workspace/models/user.js","s":{"1":1,"2":1,"3":1,"4":0,"5":0,"6":0,"7":0,"8":0,"9":0,"10":0,"11":0,"12":0,"13":0,"14":2,"15":2,"16":2,"17":1,"18":2,"19":1,"20":0},"b":{"1":[0,0],"2":[0,0]},"f":{"1":1,"2":0,"3":0,"4":0,"5":0,"6":0,"7":2,"8":2,"9":1,"10":0},"fnMap":{"1":{"name":"(anonymous_1)","line":3,"loc":{"start":{"line":3,"column":17},"end":{"line":3,"column":47}}},"2":{"name":"(anonymous_2)","line":11,"loc":{"start":{"line":11,"column":24},"end":{"line":11,"column":38}}},"3":{"name":"(anonymous_3)","line":15,"loc":{"start":{"line":15,"column":23},"end":{"line":15,"column":36}}},"4":{"name":"(anonymous_4)","line":19,"loc":{"start":{"line":19,"column":22},"end":{"line":19,"column":33}}},"5":{"name":"(anonymous_5)","line":31,"loc":{"start":{"line":31,"column":27},"end":{"line":31,"column":37}}},"6":{"name":"(anonymous_6)","line":34,"loc":{"start":{"line":34,"column":26},"end":{"line":34,"column":36}}},"7":{"name":"(anonymous_7)","line":39,"loc":{"start":{"line":39,"column":23},"end":{"line":39,"column":56}}},"8":{"name":"(anonymous_8)","line":40,"loc":{"start":{"line":40,"column":33},"end":{"line":40,"column":45}}},"9":{"name":"(anonymous_9)","line":42,"loc":{"start":{"line":42,"column":23},"end":{"line":42,"column":34}}},"10":{"name":"pickRandom","line":52,"loc":{"start":{"line":52,"column":0},"end":{"line":52,"column":23}}}},"statementMap":{"1":{"start":{"line":1,"column":0},"end":{"line":1,"column":31}},"2":{"start":{"line":3,"column":0},"end":{"line":50,"column":2}},"3":{"start":{"line":4,"column":4},"end":{"line":49,"column":7}},"4":{"start":{"line":12,"column":16},"end":{"line":12,"column":42}},"5":{"start":{"line":13,"column":16},"end":{"line":13,"column":59}},"6":{"start":{"line":14,"column":16},"end":{"line":27,"column":19}},"7":{"start":{"line":16,"column":20},"end":{"line":16,"column":87}},"8":{"start":{"line":17,"column":20},"end":{"line":17,"column":36}},"9":{"start":{"line":20,"column":20},"end":{"line":25,"column":21}},"10":{"start":{"line":21,"column":24},"end":{"line":21,"column":77}},"11":{"start":{"line":22,"column":24},"end":{"line":22,"column":43}},"12":{"start":{"line":24,"column":24},"end":{"line":24,"column":52}},"13":{"start":{"line":32,"column":16},"end":{"line":32,"column":54}},"14":{"start":{"line":40,"column":8},"end":{"line":46,"column":11}},"15":{"start":{"line":41,"column":12},"end":{"line":41,"column":48}},"16":{"start":{"line":42,"column":12},"end":{"line":44,"column":15}},"17":{"start":{"line":43,"column":16},"end":{"line":43,"column":28}},"18":{"start":{"line":45,"column":12},"end":{"line":45,"column":32}},"19":{"start":{"line":52,"column":0},"end":{"line":54,"column":1}},"20":{"start":{"line":53,"column":4},"end":{"line":53,"column":50}}},"branchMap":{"1":{"line":20,"type":"if","locations":[{"start":{"line":20,"column":20},"end":{"line":20,"column":20}},{"start":{"line":20,"column":20},"end":{"line":20,"column":20}}]},"2":{"line":32,"type":"binary-expr","locations":[{"start":{"line":32,"column":23},"end":{"line":32,"column":43}},{"start":{"line":32,"column":47},"end":{"line":32,"column":53}}]}}},"/home/ubuntu/workspace/models/category.js":{"path":"/home/ubuntu/workspace/models/category.js","s":{"1":1,"2":1,"3":1,"4":0,"5":0,"6":0,"7":0,"8":0},"b":{},"f":{"1":1,"2":0,"3":0,"4":0,"5":0},"fnMap":{"1":{"name":"(anonymous_1)","line":3,"loc":{"start":{"line":3,"column":17},"end":{"line":3,"column":48}}},"2":{"name":"(anonymous_2)","line":37,"loc":{"start":{"line":37,"column":28},"end":{"line":37,"column":39}}},"3":{"name":"(anonymous_3)","line":43,"loc":{"start":{"line":43,"column":23},"end":{"line":43,"column":56}}},"4":{"name":"(anonymous_4)","line":44,"loc":{"start":{"line":44,"column":32},"end":{"line":44,"column":47}}},"5":{"name":"(anonymous_5)","line":45,"loc":{"start":{"line":45,"column":26},"end":{"line":45,"column":37}}}},"statementMap":{"1":{"start":{"line":1,"column":0},"end":{"line":1,"column":37}},"2":{"start":{"line":3,"column":0},"end":{"line":53,"column":2}},"3":{"start":{"line":4,"column":4},"end":{"line":52,"column":7}},"4":{"start":{"line":38,"column":16},"end":{"line":38,"column":97}},"5":{"start":{"line":44,"column":8},"end":{"line":49,"column":11}},"6":{"start":{"line":45,"column":12},"end":{"line":47,"column":15}},"7":{"start":{"line":46,"column":15},"end":{"line":46,"column":27}},"8":{"start":{"line":48,"column":12},"end":{"line":48,"column":32}}},"branchMap":{}},"/home/ubuntu/workspace/models/dataItem.js":{"path":"/home/ubuntu/workspace/models/dataItem.js","s":{"1":1,"2":1,"3":1,"4":0,"5":0,"6":0,"7":0,"8":0,"9":0,"10":0,"11":0,"12":0,"13":0},"b":{"1":[0,0]},"f":{"1":1,"2":0},"fnMap":{"1":{"name":"(anonymous_1)","line":4,"loc":{"start":{"line":4,"column":17},"end":{"line":4,"column":47}}},"2":{"name":"(anonymous_2)","line":17,"loc":{"start":{"line":17,"column":30},"end":{"line":17,"column":50}}}},"statementMap":{"1":{"start":{"line":1,"column":0},"end":{"line":2,"column":27}},"2":{"start":{"line":4,"column":0},"end":{"line":32,"column":2}},"3":{"start":{"line":5,"column":4},"end":{"line":31,"column":7}},"4":{"start":{"line":18,"column":16},"end":{"line":18,"column":33}},"5":{"start":{"line":19,"column":16},"end":{"line":25,"column":17}},"6":{"start":{"line":20,"column":20},"end":{"line":20,"column":50}},"7":{"start":{"line":21,"column":20},"end":{"line":21,"column":40}},"8":{"start":{"line":23,"column":20},"end":{"line":23,"column":82}},"9":{"start":{"line":24,"column":20},"end":{"line":24,"column":31}},"10":{"start":{"line":26,"column":16},"end":{"line":26,"column":86}},"11":{"start":{"line":27,"column":16},"end":{"line":27,"column":49}},"12":{"start":{"line":27,"column":36},"end":{"line":27,"column":48}},"13":{"start":{"line":28,"column":16},"end":{"line":28,"column":94}}},"branchMap":{"1":{"line":27,"type":"if","locations":[{"start":{"line":27,"column":16},"end":{"line":27,"column":16}},{"start":{"line":27,"column":16},"end":{"line":27,"column":16}}]}}}}