TN:
SF:/home/ubuntu/workspace/models/index.js
FNF:0
FNH:0
DA:1,1
DA:2,1
DA:3,1
DA:4,1
DA:5,1
DA:10,1
DA:11,1
DA:18,1
DA:19,1
DA:20,1
DA:21,1
DA:23,1
DA:24,1
LF:13
LH:13
BRDA:2,1,0,1
BRDA:2,1,1,0
BRDA:2,1,2,0
BRDA:3,2,0,1
BRDA:3,2,1,1
BRDA:4,3,0,1
BRDA:4,3,1,1
BRDA:7,4,0,1
BRDA:7,4,1,0
BRF:9
BRH:6
end_of_record
TN:
SF:/home/ubuntu/workspace/models/user.js
FN:3,(anonymous_1)
FN:11,(anonymous_2)
FN:14,(anonymous_3)
FN:18,(anonymous_4)
FN:30,(anonymous_5)
FN:33,(anonymous_6)
FN:38,(anonymous_7)
FN:39,(anonymous_8)
FN:40,(anonymous_9)
FN:50,pickRandom
FNF:10
FNH:6
FNDA:1,(anonymous_1)
FNDA:1,(anonymous_2)
FNDA:0,(anonymous_3)
FNDA:1,(anonymous_4)
FNDA:0,(anonymous_5)
FNDA:0,(anonymous_6)
FNDA:1,(anonymous_7)
FNDA:1,(anonymous_8)
FNDA:0,(anonymous_9)
FNDA:1,pickRandom
DA:1,1
DA:3,1
DA:4,1
DA:12,1
DA:13,1
DA:15,0
DA:16,0
DA:19,1
DA:20,1
DA:21,1
DA:23,0
DA:31,0
DA:39,1
DA:40,1
DA:41,0
DA:43,1
DA:50,1
DA:51,1
LF:18
LH:13
BRDA:19,1,0,1
BRDA:19,1,1,0
BRDA:31,2,0,0
BRDA:31,2,1,0
BRF:4
BRH:1
end_of_record
TN:
SF:/home/ubuntu/workspace/models/category.js
FN:3,(anonymous_1)
FN:36,(anonymous_2)
FN:42,(anonymous_3)
FN:43,(anonymous_4)
FN:44,(anonymous_5)
FNF:5
FNH:1
FNDA:1,(anonymous_1)
FNDA:0,(anonymous_2)
FNDA:0,(anonymous_3)
FNDA:0,(anonymous_4)
FNDA:0,(anonymous_5)
DA:1,1
DA:3,1
DA:4,1
DA:37,0
DA:43,0
DA:44,0
DA:45,0
DA:47,0
LF:8
LH:3
BRF:0
BRH:0
end_of_record
TN:
SF:/home/ubuntu/workspace/models/dataItem.js
FN:4,(anonymous_1)
FN:17,(anonymous_2)
FNF:2
FNH:1
FNDA:1,(anonymous_1)
FNDA:0,(anonymous_2)
DA:1,1
DA:4,1
DA:5,1
DA:18,0
DA:19,0
DA:20,0
DA:21,0
DA:23,0
DA:24,0
DA:26,0
DA:27,0
DA:28,0
LF:12
LH:3
BRDA:27,1,0,0
BRDA:27,1,1,0
BRF:2
BRH:0
end_of_record
